[2016-04-07 16:59:19]	Cannot open file 
[2016-04-07 16:59:19]	E:\workspace\ChineseSeg\Data\KeyBlackList.pdat
[2016-04-07 16:59:19]	Failed Open file Failed Open file 
[2016-04-07 16:59:19]	Error read file
[2016-04-07 16:59:19]	source/userdict.txt
[2016-04-07 17:00:34]	Cannot open file 
[2016-04-07 17:00:34]	E:\workspace\ChineseSeg\Data\KeyBlackList.pdat
[2016-04-07 17:00:34]	Failed Open file Failed Open file 
[2016-04-07 17:00:34]	Error read file
[2016-04-07 17:00:34]	source/userdict.txt
[2016-04-07 17:02:09]	Cannot open file 
[2016-04-07 17:02:09]	E:\workspace\ChineseSeg\Data\KeyBlackList.pdat
[2016-04-07 17:02:09]	Failed Open file Failed Open file 
[2016-04-07 17:02:09]	Error read file
[2016-04-07 17:02:09]	source/userdict.txt
[2016-04-07 17:02:47]	Cannot open file 
[2016-04-07 17:02:47]	E:\workspace\ChineseSeg\Data\KeyBlackList.pdat
[2016-04-07 17:02:47]	Failed Open file Failed Open file 
[2016-04-07 17:02:47]	Error read file
[2016-04-07 17:02:47]	source/userdict.txt
[2016-04-07 17:07:42]	Cannot open file 
[2016-04-07 17:07:42]	E:\workspace\ChineseSeg\Data\KeyBlackList.pdat
[2016-04-07 17:07:42]	Failed Open file Failed Open file 
[2016-04-07 17:07:42]	Error read file
[2016-04-07 17:07:42]	source/userdict.txt
[2016-04-07 17:08:40]	Cannot open file 
[2016-04-07 17:08:40]	E:\workspace\ChineseSeg\Data\KeyBlackList.pdat
[2016-04-07 17:08:40]	Failed Open file Failed Open file 
[2016-04-07 17:08:40]	Error read file
[2016-04-07 17:08:40]	source/userdict.txt
[2016-04-07 17:12:56]	Cannot open file 
[2016-04-07 17:12:56]	E:\workspace\ChineseSeg\Data\KeyBlackList.pdat
[2016-04-07 17:12:56]	Failed Open file Failed Open file 
[2016-04-07 17:12:56]	Error read file
[2016-04-07 17:12:56]	source/userdict.txt
[2016-04-07 17:13:25]	Cannot open file 
[2016-04-07 17:13:25]	E:\workspace\ChineseSeg\Data\KeyBlackList.pdat
[2016-04-07 17:13:25]	Failed Open file Failed Open file 
[2016-04-07 17:13:25]	Error read file
[2016-04-07 17:13:25]	source/userdict.txt
[2016-04-07 17:59:53]	Cannot open file 
[2016-04-07 17:59:53]	E:\workspace\ChineseSeg\Data\KeyBlackList.pdat
[2016-04-07 17:59:53]	Failed Open file Failed Open file 
[2016-04-07 17:59:53]	Error read file
[2016-04-07 17:59:53]	source/userdict.txt
[2016-04-07 18:00:44]	Cannot open file 
[2016-04-07 18:00:44]	E:\workspace\ChineseSeg\Data\KeyBlackList.pdat
[2016-04-07 18:00:44]	Failed Open file Failed Open file 
[2016-04-07 18:00:44]	Error read file
[2016-04-07 18:00:44]	source/userdict.txt
[2016-04-07 18:02:44]	Cannot open file 
[2016-04-07 18:02:44]	E:\workspace\ChineseSeg\Data\KeyBlackList.pdat
[2016-04-07 18:02:44]	Failed Open file Failed Open file 
[2016-04-07 18:02:44]	Error read file
[2016-04-07 18:02:44]	source/userdict.txt
[2016-04-07 18:04:36]	Cannot open file 
[2016-04-07 18:04:36]	E:\workspace\ChineseSeg\Data\KeyBlackList.pdat
[2016-04-07 18:04:37]	Failed Open file Failed Open file 
[2016-04-07 18:04:37]	Error read file
[2016-04-07 18:04:37]	source/userdict.txt
[2016-04-07 18:04:53]	Cannot open file 
[2016-04-07 18:04:53]	E:\workspace\ChineseSeg\Data\KeyBlackList.pdat
[2016-04-07 18:04:53]	Failed Open file Failed Open file 
[2016-04-07 18:04:53]	Error read file
[2016-04-07 18:04:53]	source/userdict.txt
[2016-04-07 18:05:42]	Cannot open file 
[2016-04-07 18:05:42]	E:\workspace\ChineseSeg\Data\KeyBlackList.pdat
[2016-04-07 18:05:42]	Failed Open file Failed Open file 
[2016-04-07 18:05:42]	Error read file
[2016-04-07 18:05:42]	source/userdict.txt
[2016-04-07 18:07:59]	Cannot open file 
[2016-04-07 18:07:59]	E:\workspace\ChineseSeg\Data\KeyBlackList.pdat
[2016-04-07 18:07:59]	Failed Open file Failed Open file 
[2016-04-07 18:07:59]	Error read file
[2016-04-07 18:07:59]	source/userdict.txt
[2016-04-07 18:10:37]	Cannot open file 
[2016-04-07 18:10:37]	E:\workspace\ChineseSeg\Data\KeyBlackList.pdat
[2016-04-07 18:10:37]	Failed Open file Failed Open file 
[2016-04-07 18:10:37]	Error read file
[2016-04-07 18:10:37]	source/userdict.txt
[2016-04-07 18:10:55]	Cannot open file 
[2016-04-07 18:10:55]	E:\workspace\ChineseSeg\Data\KeyBlackList.pdat
[2016-04-07 18:10:55]	Failed Open file Failed Open file 
[2016-04-07 18:10:55]	Error read file
[2016-04-07 18:10:55]	source/userdict.txt
[2016-04-07 18:12:32]	Cannot open file 
[2016-04-07 18:12:32]	E:\workspace\ChineseSeg\Data\KeyBlackList.pdat
[2016-04-07 18:12:32]	Failed Open file Failed Open file 
[2016-04-07 18:12:32]	Error read file
[2016-04-07 18:12:32]	source/userdict.txt
[2016-04-07 18:13:15]	Cannot open file 
[2016-04-07 18:13:15]	E:\workspace\ChineseSeg\Data\KeyBlackList.pdat
[2016-04-07 18:13:15]	Failed Open file Failed Open file 
[2016-04-07 18:13:15]	Error read file
[2016-04-07 18:13:15]	source/userdict.txt
[2016-04-07 18:13:55]	Cannot open file 
[2016-04-07 18:13:55]	E:\workspace\ChineseSeg\Data\KeyBlackList.pdat
[2016-04-07 18:13:55]	Failed Open file Failed Open file 
[2016-04-07 18:13:55]	Error read file
[2016-04-07 18:13:55]	source/userdict.txt
[2016-04-07 18:14:13]	Cannot open file 
[2016-04-07 18:14:13]	E:\workspace\ChineseSeg\Data\KeyBlackList.pdat
[2016-04-07 18:14:13]	Failed Open file Failed Open file 
[2016-04-07 18:14:13]	Error read file
[2016-04-07 18:14:13]	source/userdict.txt
[2016-04-07 18:15:42]	Cannot open file 
[2016-04-07 18:15:42]	E:\workspace\ChineseSeg\Data\KeyBlackList.pdat
[2016-04-07 18:15:42]	Failed Open file Failed Open file 
[2016-04-07 18:15:42]	Error read file
[2016-04-07 18:15:42]	source/userdict.txt
[2016-04-07 18:17:52]	Cannot open file 
[2016-04-07 18:17:52]	E:\workspace\ChineseSeg\Data\KeyBlackList.pdat
[2016-04-07 18:17:52]	Failed Open file Failed Open file 
[2016-04-07 18:17:52]	Error read file
[2016-04-07 18:17:52]	source/userdict.txt
[2016-04-07 18:18:20]	Cannot open file 
[2016-04-07 18:18:20]	E:\workspace\ChineseSeg\Data\KeyBlackList.pdat
[2016-04-07 18:18:20]	Failed Open file Failed Open file 
[2016-04-07 18:18:20]	Error read file
[2016-04-07 18:18:20]	source/userdict.txt
[2016-04-07 18:25:40]	Cannot open file 
[2016-04-07 18:25:40]	E:\workspace\ChineseSeg\Data\KeyBlackList.pdat
[2016-04-07 18:25:40]	Failed Open file Failed Open file 
[2016-04-07 18:25:40]	Error read file
[2016-04-07 18:25:40]	source/userdict.txt
[2016-04-07 18:28:23]	Cannot open file 
[2016-04-07 18:28:23]	E:\workspace\ChineseSeg\Data\KeyBlackList.pdat
[2016-04-07 18:28:23]	Failed Open file Failed Open file 
[2016-04-07 18:28:23]	Error read file
[2016-04-07 18:28:23]	source/userdict.txt
[2016-04-07 18:47:24]	Cannot open file 
[2016-04-07 18:47:24]	E:\workspace\ChineseSeg\Data\KeyBlackList.pdat
[2016-04-07 18:47:24]	Failed Open file Failed Open file 
[2016-04-07 18:47:24]	Error read file
[2016-04-07 18:47:24]	source/userdict.txt
[2016-04-07 18:48:24]	Cannot open file 
[2016-04-07 18:48:24]	E:\workspace\ChineseSeg\Data\KeyBlackList.pdat
[2016-04-07 18:48:24]	Failed Open file Failed Open file 
[2016-04-07 18:48:24]	Error read file
[2016-04-07 18:48:24]	source/userdict.txt
[2016-04-07 18:49:12]	Cannot open file 
[2016-04-07 18:49:12]	E:\workspace\ChineseSeg\Data\KeyBlackList.pdat
[2016-04-07 18:49:12]	Failed Open file Failed Open file 
[2016-04-07 18:49:12]	Error read file
[2016-04-07 18:49:12]	source/userdict.txt
[2016-04-07 18:49:29]	Cannot open file 
[2016-04-07 18:49:29]	E:\workspace\ChineseSeg\Data\KeyBlackList.pdat
[2016-04-07 18:49:29]	Failed Open file Failed Open file 
[2016-04-07 18:49:29]	Error read file
[2016-04-07 18:49:29]	source/userdict.txt
[2016-04-07 18:49:52]	Cannot open file 
[2016-04-07 18:49:52]	E:\workspace\ChineseSeg\Data\KeyBlackList.pdat
[2016-04-07 18:49:52]	Failed Open file Failed Open file 
[2016-04-07 18:49:52]	Error read file
[2016-04-07 18:49:52]	source/userdict.txt
[2016-04-07 18:51:12]	Cannot open file 
[2016-04-07 18:51:12]	E:\workspace\ChineseSeg\Data\KeyBlackList.pdat
[2016-04-07 18:51:12]	Failed Open file Failed Open file 
[2016-04-07 18:51:12]	Error read file
[2016-04-07 18:51:12]	source/userdict.txt
[2016-04-07 18:51:54]	Cannot open file 
[2016-04-07 18:51:54]	E:\workspace\ChineseSeg\Data\KeyBlackList.pdat
[2016-04-07 18:51:54]	Failed Open file Failed Open file 
[2016-04-07 18:51:54]	Error read file
[2016-04-07 18:51:54]	source/userdict.txt
[2016-04-07 18:53:13]	Cannot open file 
[2016-04-07 18:53:13]	E:\workspace\ChineseSeg\Data\KeyBlackList.pdat
[2016-04-07 18:53:13]	Failed Open file Failed Open file 
[2016-04-07 18:53:13]	Error read file
[2016-04-07 18:53:13]	source/userdict.txt
[2016-04-07 18:53:46]	Cannot open file 
[2016-04-07 18:53:46]	E:\workspace\ChineseSeg\Data\KeyBlackList.pdat
[2016-04-07 18:53:46]	Failed Open file Failed Open file 
[2016-04-07 18:53:46]	Error read file
[2016-04-07 18:53:46]	source/userdict.txt
[2016-04-07 18:54:18]	Cannot open file 
[2016-04-07 18:54:18]	E:\workspace\ChineseSeg\Data\KeyBlackList.pdat
[2016-04-07 18:54:18]	Failed Open file Failed Open file 
[2016-04-07 18:54:18]	Error read file
[2016-04-07 18:54:18]	source/userdict.txt
[2016-04-07 18:54:57]	Cannot open file 
[2016-04-07 18:54:57]	E:\workspace\ChineseSeg\Data\KeyBlackList.pdat
[2016-04-07 18:54:57]	Failed Open file Failed Open file 
[2016-04-07 18:54:57]	Error read file
[2016-04-07 18:54:57]	source/userdict.txt
[2016-04-07 18:56:11]	Cannot open file 
[2016-04-07 18:56:11]	E:\workspace\ChineseSeg\Data\KeyBlackList.pdat
[2016-04-07 18:56:11]	Failed Open file Failed Open file 
[2016-04-07 18:56:11]	Error read file
[2016-04-07 18:56:11]	source/userdict.txt
[2016-04-07 18:56:41]	Cannot open file 
[2016-04-07 18:56:41]	E:\workspace\ChineseSeg\Data\KeyBlackList.pdat
[2016-04-07 18:56:41]	Failed Open file Failed Open file 
[2016-04-07 18:56:41]	Error read file
[2016-04-07 18:56:41]	source/userdict.txt
